# JRE version: Java(TM) SE Runtime Environment (8.0_45-b14) (build 1.8.0_45-b14)
# Java VM: Java HotSpot(TM) 64-Bit Server VM (25.45-b02 mixed mode linux-amd64 compressed oops)
Heap:
 PSYoungGen      total 277504K, used 53116K [0x00000000eab00000, 0x0000000100000000, 0x0000000100000000)
  eden space 229376K, 2% used [0x00000000eab00000,0x00000000eafe4e80,0x00000000f8b00000)
  from space 48128K, 99% used [0x00000000fd100000,0x00000000ffffa3c0,0x0000000100000000)
  to   space 59904K, 0% used [0x00000000f8b00000,0x00000000f8b00000,0x00000000fc580000)
 ParOldGen       total 316928K, used 185399K [0x00000000c0000000, 0x00000000d3580000, 0x00000000eab00000)
  object space 316928K, 58% used [0x00000000c0000000,0x00000000cb50dce0,0x00000000d3580000)
 Metaspace       used 82025K, capacity 87702K, committed 87808K, reserved 1126400K
  class space    used 9910K, capacity 11715K, committed 11776K, reserved 1048576K
GC Heap History (10 events):
Event: 239.444 GC heap before
{Heap before GC invocations=50 (full 4):
 PSYoungGen      total 300544K, used 277832K [0x00000000eab00000, 0x00000000fff00000, 0x0000000100000000)
  eden space 253440K, 100% used [0x00000000eab00000,0x00000000fa280000,0x00000000fa280000)
  from space 47104K, 51% used [0x00000000fa280000,0x00000000fba52108,0x00000000fd080000)
  to   space 46080K, 0% used [0x00000000fd200000,0x00000000fd200000,0x00000000fff00000)
 ParOldGen       total 316928K, used 176824K [0x00000000c0000000, 0x00000000d3580000, 0x00000000eab00000)
  object space 316928K, 55% used [0x00000000c0000000,0x00000000cacae0e8,0x00000000d3580000)
 Metaspace       used 77417K, capacity 83126K, committed 83200K, reserved 1122304K
  class space    used 9188K, capacity 10967K, committed 11008K, reserved 1048576K
Event: 239.455 GC heap after
Heap after GC invocations=50 (full 4):
 PSYoungGen      total 300032K, used 24321K [0x00000000eab00000, 0x00000000ffd00000, 0x0000000100000000)
  eden space 256000K, 0% used [0x00000000eab00000,0x00000000eab00000,0x00000000fa500000)
  from space 44032K, 55% used [0x00000000fd200000,0x00000000fe9c0540,0x00000000ffd00000)
  to   space 45056K, 0% used [0x00000000fa500000,0x00000000fa500000,0x00000000fd100000)
 ParOldGen       total 316928K, used 176896K [0x00000000c0000000, 0x00000000d3580000, 0x00000000eab00000)
  object space 316928K, 55% used [0x00000000c0000000,0x00000000cacc00e8,0x00000000d3580000)
 Metaspace       used 77417K, capacity 83126K, committed 83200K, reserved 1122304K
  class space    used 9188K, capacity 10967K, committed 11008K, reserved 1048576K
}
Event: 239.930 GC heap before
{Heap before GC invocations=51 (full 4):
 PSYoungGen      total 300032K, used 280321K [0x00000000eab00000, 0x00000000ffd00000, 0x0000000100000000)
  eden space 256000K, 100% used [0x00000000eab00000,0x00000000fa500000,0x00000000fa500000)
  from space 44032K, 55% used [0x00000000fd200000,0x00000000fe9c0540,0x00000000ffd00000)
  to   space 45056K, 0% used [0x00000000fa500000,0x00000000fa500000,0x00000000fd100000)
 ParOldGen       total 316928K, used 176896K [0x00000000c0000000, 0x00000000d3580000, 0x00000000eab00000)
  object space 316928K, 55% used [0x00000000c0000000,0x00000000cacc00e8,0x00000000d3580000)
 Metaspace       used 78029K, capacity 83752K, committed 83840K, reserved 1122304K
  class space    used 9288K, capacity 11065K, committed 11136K, reserved 1048576K
Event: 239.938 GC heap after
Heap after GC invocations=51 (full 4):
 PSYoungGen      total 301056K, used 21816K [0x00000000eab00000, 0x0000000100000000, 0x0000000100000000)
  eden space 256000K, 0% used [0x00000000eab00000,0x00000000eab00000,0x00000000fa500000)
  from space 45056K, 48% used [0x00000000fa500000,0x00000000fba4e028,0x00000000fd100000)
  to   space 44544K, 0% used [0x00000000fd480000,0x00000000fd480000,0x0000000100000000)
 ParOldGen       total 316928K, used 177056K [0x00000000c0000000, 0x00000000d3580000, 0x00000000eab00000)
  object space 316928K, 55% used [0x00000000c0000000,0x00000000cace8118,0x00000000d3580000)
 Metaspace       used 78029K, capacity 83752K, committed 83840K, reserved 1122304K
  class space    used 9288K, capacity 11065K, committed 11136K, reserved 1048576K
}
Event: 242.909 GC heap before
{Heap before GC invocations=52 (full 4):
 PSYoungGen      total 301056K, used 277800K [0x00000000eab00000, 0x0000000100000000, 0x0000000100000000)
  eden space 256000K, 99% used [0x00000000eab00000,0x00000000fa4fc3b0,0x00000000fa500000)
  from space 45056K, 48% used [0x00000000fa500000,0x00000000fba4e028,0x00000000fd100000)
  to   space 44544K, 0% used [0x00000000fd480000,0x00000000fd480000,0x0000000100000000)
 ParOldGen       total 316928K, used 177056K [0x00000000c0000000, 0x00000000d3580000, 0x00000000eab00000)
  object space 316928K, 55% used [0x00000000c0000000,0x00000000cace8118,0x00000000d3580000)
 Metaspace       used 80764K, capacity 86518K, committed 86656K, reserved 1124352K
  class space    used 9745K, capacity 11555K, committed 11648K, reserved 1048576K
Event: 242.933 GC heap after
Heap after GC invocations=52 (full 4):
 PSYoungGen      total 297472K, used 41008K [0x00000000eab00000, 0x0000000100000000, 0x0000000100000000)
  eden space 252928K, 0% used [0x00000000eab00000,0x00000000eab00000,0x00000000fa200000)
  from space 44544K, 92% used [0x00000000fd480000,0x00000000ffc8c050,0x0000000100000000)
  to   space 48128K, 0% used [0x00000000fa200000,0x00000000fa200000,0x00000000fd100000)
 ParOldGen       total 316928K, used 177176K [0x00000000c0000000, 0x00000000d3580000, 0x00000000eab00000)
  object space 316928K, 55% used [0x00000000c0000000,0x00000000cad06128,0x00000000d3580000)
 Metaspace       used 80764K, capacity 86518K, committed 86656K, reserved 1124352K
  class space    used 9745K, capacity 11555K, committed 11648K, reserved 1048576K
}
Event: 245.992 GC heap before
{Heap before GC invocations=53 (full 4):
 PSYoungGen      total 297472K, used 293936K [0x00000000eab00000, 0x0000000100000000, 0x0000000100000000)
  eden space 252928K, 100% used [0x00000000eab00000,0x00000000fa200000,0x00000000fa200000)
  from space 44544K, 92% used [0x00000000fd480000,0x00000000ffc8c050,0x0000000100000000)
  to   space 48128K, 0% used [0x00000000fa200000,0x00000000fa200000,0x00000000fd100000)
 ParOldGen       total 316928K, used 177176K [0x00000000c0000000, 0x00000000d3580000, 0x00000000eab00000)
  object space 316928K, 55% used [0x00000000c0000000,0x00000000cad06128,0x00000000d3580000)
 Metaspace       used 81573K, capacity 87190K, committed 87552K, reserved 1124352K
  class space    used 9861K, capacity 11651K, committed 11776K, reserved 1048576K
Event: 246.041 GC heap after
Heap after GC invocations=53 (full 4):
 PSYoungGen      total 301056K, used 48112K [0x00000000eab00000, 0x0000000100000000, 0x0000000100000000)
  eden space 252928K, 0% used [0x00000000eab00000,0x00000000eab00000,0x00000000fa200000)
  from space 48128K, 99% used [0x00000000fa200000,0x00000000fd0fc2f0,0x00000000fd100000)
  to   space 48128K, 0% used [0x00000000fd100000,0x00000000fd100000,0x0000000100000000)
 ParOldGen       total 316928K, used 181748K [0x00000000c0000000, 0x00000000d3580000, 0x00000000eab00000)
  object space 316928K, 57% used [0x00000000c0000000,0x00000000cb17d0e0,0x00000000d3580000)
 Metaspace       used 81573K, capacity 87190K, committed 87552K, reserved 1124352K
  class space    used 9861K, capacity 11651K, committed 11776K, reserved 1048576K
}
Event: 249.754 GC heap before
{Heap before GC invocations=54 (full 4):
 PSYoungGen      total 301056K, used 300407K [0x00000000eab00000, 0x0000000100000000, 0x0000000100000000)
  eden space 252928K, 99% used [0x00000000eab00000,0x00000000fa161cc0,0x00000000fa200000)
  from space 48128K, 99% used [0x00000000fa200000,0x00000000fd0fc2f0,0x00000000fd100000)
  to   space 48128K, 0% used [0x00000000fd100000,0x00000000fd100000,0x0000000100000000)
 ParOldGen       total 316928K, used 181748K [0x00000000c0000000, 0x00000000d3580000, 0x00000000eab00000)
  object space 316928K, 57% used [0x00000000c0000000,0x00000000cb17d0e0,0x00000000d3580000)
 Metaspace       used 82023K, capacity 87702K, committed 87808K, reserved 1126400K
  class space    used 9910K, capacity 11715K, committed 11776K, reserved 1048576K
Event: 249.801 GC heap after
Heap after GC invocations=54 (full 4):
 PSYoungGen      total 277504K, used 48104K [0x00000000eab00000, 0x0000000100000000, 0x0000000100000000)
  eden space 229376K, 0% used [0x00000000eab00000,0x00000000eab00000,0x00000000f8b00000)
  from space 48128K, 99% used [0x00000000fd100000,0x00000000ffffa3c0,0x0000000100000000)
  to   space 59904K, 0% used [0x00000000f8b00000,0x00000000f8b00000,0x00000000fc580000)
 ParOldGen       total 316928K, used 185399K [0x00000000c0000000, 0x00000000d3580000, 0x00000000eab00000)
  object space 316928K, 58% used [0x00000000c0000000,0x00000000cb50dce0,0x00000000d3580000)
 Metaspace       used 82023K, capacity 87702K, committed 87808K, reserved 1126400K
  class space    used 9910K, capacity 11715K, committed 11776K, reserved 1048576K
}

